
> uni-preset-vue@0.0.0 dev:h5
> uni

Please note that in running mode, due to log output, sourcemap, and uncompressed source code, the performance and package size are not as good as release mode.
Vite is compiled on demand, and clicking on an uncompiled page at runtime will compile first and then load, resulting in a slower display, and there is no such problem after release.
Compiler version: 4.36（vue3）
Compiling...

uni-app 有新版本发布，请执行 `npx @dcloudio/uvm@latest` 更新，更新日志详见：https://download1.dcloud.net.cn/hbuilderx/changelog/4.75.2025071105.html
Port 5173 is in use, trying another one...

  vite v5.2.8 dev server running at:

  ➜  Local:   http://localhost:5174/
  ➜  Network: http://10.255.255.254:5174/
  ➜  Network: http://172.25.46.92:5174/

  ready in 21925ms.

DEPRECATION WARNING [legacy-js-api]: The legacy JS API is deprecated and will be removed in Dart Sass 2.0.0.

More info: https://sass-lang.com/d/legacy-js-api

DEPRECATION WARNING [legacy-js-api]: The legacy JS API is deprecated and will be removed in Dart Sass 2.0.0.

More info: https://sass-lang.com/d/legacy-js-api

DEPRECATION WARNING [legacy-js-api]: The legacy JS API is deprecated and will be removed in Dart Sass 2.0.0.

More info: https://sass-lang.com/d/legacy-js-api

DEPRECATION WARNING [legacy-js-api]: The legacy JS API is deprecated and will be removed in Dart Sass 2.0.0.

More info: https://sass-lang.com/d/legacy-js-api

DEPRECATION WARNING [legacy-js-api]: The legacy JS API is deprecated and will be removed in Dart Sass 2.0.0.

More info: https://sass-lang.com/d/legacy-js-api

DEPRECATION WARNING [legacy-js-api]: The legacy JS API is deprecated and will be removed in Dart Sass 2.0.0.

More info: https://sass-lang.com/d/legacy-js-api

DEPRECATION WARNING [legacy-js-api]: The legacy JS API is deprecated and will be removed in Dart Sass 2.0.0.

More info: https://sass-lang.com/d/legacy-js-api

